DISPATCH NO=1
 LEVEL    :Info
 CLIENT   :FIELD
 SUBGROUP :LibMan.AutoAdd
 TIME     :05.02.2015 19:03:00
 SESSION  :
 ENTRY    :Auto Add MODE=ON, path='C:\Program Files\Speksa\Matchbox\Projects\Astelit\FIELD\AutoAdd'

DISPATCH NO=2
 LEVEL    :Info
 CLIENT   :FIELD
 SUBGROUP :Pool
 TIME     :05.02.2015 19:03:00
 SESSION  :
 ENTRY    :Init Complete. Type:Dynamic BC:10 AS:3 TO:20

DISPATCH NO=3
 LEVEL    :Info
 CLIENT   :FIELD
 SUBGROUP :DBConnection.Connect
 TIME     :05.02.2015 19:03:00
 SESSION  :
 ENTRY    :MAXIMO2

DISPATCH NO=4
 LEVEL    :Info
 CLIENT   :FIELD
 SUBGROUP :LibMan.AddLib
 TIME     :05.02.2015 19:03:00
 SESSION  :
 ENTRY    :'CommonServices', Version:1.0.1

DISPATCH NO=5
 LEVEL    :Info
 CLIENT   :FIELD
 SUBGROUP :LibMan.AddLib
 TIME     :05.02.2015 19:03:00
 SESSION  :
 ENTRY    :'TCCommonServices', Version:1.0.0

DISPATCH NO=6
 LEVEL    :Info
 CLIENT   :FIELD
 SUBGROUP :Pool.Expand
 TIME     :05.02.2015 19:03:00
 SESSION  :
 ENTRY    :Size:1

DISPATCH NO=7
 LEVEL    :Info
 CLIENT   :FIELD
 SUBGROUP :LibMan.AddLib
 TIME     :05.02.2015 19:03:00
 SESSION  :
 ENTRY    :'TCXCOSAHA', Version:1.0.0

DISPATCH NO=8
 LEVEL    :Info
 CLIENT   :FIELD
 SUBGROUP :DBConnection.Connect
 TIME     :05.02.2015 19:03:00
 SESSION  :
 ENTRY    :MAXIMO2

DISPATCH NO=9
 LEVEL    :Info
 CLIENT   :FIELD
 SUBGROUP :LibMan.AddDynamic
 TIME     :05.02.2015 19:03:00
 SESSION  :
 ENTRY    :'dastxcosaha', Version:1.0.0

DISPATCH NO=10
 LEVEL    :Info
 CLIENT   :FIELD
 SUBGROUP :Pool.Expand
 TIME     :05.02.2015 19:03:00
 SESSION  :
 ENTRY    :Size:2

DISPATCH NO=11
 LEVEL    :Info
 CLIENT   :FIELD
 SUBGROUP :DBConnection.Connect
 TIME     :05.02.2015 19:03:00
 SESSION  :
 ENTRY    :MAXIMO2

DISPATCH NO=12
 LEVEL    :Info
 CLIENT   :FIELD
 SUBGROUP :Pool.Expand
 TIME     :05.02.2015 19:03:00
 SESSION  :
 ENTRY    :Size:3

DISPATCH NO=13
 LEVEL    :Info
 CLIENT   :FIELD
 SUBGROUP :DBConnection.Connect
 TIME     :05.02.2015 19:03:00
 SESSION  :
 ENTRY    :MAXIMO2

DISPATCH NO=14
 LEVEL    :Info
 CLIENT   :FIELD
 SUBGROUP :Pool.Expand
 TIME     :05.02.2015 19:03:01
 SESSION  :
 ENTRY    :Size:4

DISPATCH NO=15
 LEVEL    :Info
 CLIENT   :FIELD
 SUBGROUP :DBConnection.Connect
 TIME     :05.02.2015 19:03:01
 SESSION  :
 ENTRY    :MAXIMO2

DISPATCH NO=16
 LEVEL    :Info
 CLIENT   :FIELD
 SUBGROUP :Pool.Expand
 TIME     :05.02.2015 19:03:01
 SESSION  :
 ENTRY    :Size:5

DISPATCH NO=17
 LEVEL    :Info
 CLIENT   :FIELD
 SUBGROUP :DBConnection.Connect
 TIME     :05.02.2015 19:03:01
 SESSION  :
 ENTRY    :MAXIMO2

